<?xml version="1.0" encoding="UTF-8"?>
<!-- Generated by org.testng.reporters.JUnitXMLReporter -->
<testsuite ignored="4" hostname="OM-LTW-3644" failures="0" tests="3" name="Test" time="0.195" errors="0" timestamp="2023-10-10T14:59:44 IST">
  <testcase classname="com.qa.BaseTest" name="@BeforeTest beforeTest" time="0.132">
    <failure type="java.lang.NoSuchMethodError" message="&amp;apos;void org.openqa.selenium.remote.http.ClientConfig.&amp;lt;init&amp;gt;(java.net.URI, java.time.Duration, java.time.Duration, org.openqa.selenium.remote.http.Filter, java.net.Proxy, org.openqa.selenium.Credentials)&amp;apos;">
      <![CDATA[java.lang.NoSuchMethodError: 'void org.openqa.selenium.remote.http.ClientConfig.<init>(java.net.URI, java.time.Duration, java.time.Duration, org.openqa.selenium.remote.http.Filter, java.net.Proxy, org.openqa.selenium.Credentials)'
at io.appium.java_client.AppiumClientConfig.<init>(AppiumClientConfig.java:62)
at io.appium.java_client.AppiumClientConfig.defaultConfig(AppiumClientConfig.java:79)
at io.appium.java_client.remote.AppiumCommandExecutor.<init>(AppiumCommandExecutor.java:109)
at io.appium.java_client.AppiumDriver.<init>(AppiumDriver.java:101)
at io.appium.java_client.android.AndroidDriver.<init>(AndroidDriver.java:113)
at com.qa.BaseTest.beforeTest(BaseTest.java:92)
... Removed 24 stack frames]]>
    </failure>
  </testcase> <!-- @BeforeTest beforeTest -->
  <testcase classname="com.qa.tests.LoginTests" name="@BeforeClass beforeClass" time="0.0">
    <skipped/>
  </testcase> <!-- @BeforeClass beforeClass -->
  <testcase classname="com.qa.tests.LoginTests" name="@BeforeMethod beforeMethod" time="0.0">
    <skipped/>
  </testcase> <!-- @BeforeMethod beforeMethod -->
  <testcase classname="com.qa.tests.LoginTests" name="@AfterMethod afterMethod" time="0.0">
    <skipped/>
  </testcase> <!-- @AfterMethod afterMethod -->
  <testcase classname="com.qa.tests.LoginTests" name="@AfterClass afterClass" time="0.0">
    <skipped/>
  </testcase> <!-- @AfterClass afterClass -->
  <testcase classname="com.qa.tests.ProductTests" name="@BeforeClass beforeClass" time="0.0">
    <skipped/>
  </testcase> <!-- @BeforeClass beforeClass -->
  <testcase classname="com.qa.tests.ProductTests" name="@BeforeMethod beforeMethod" time="0.0">
    <skipped/>
  </testcase> <!-- @BeforeMethod beforeMethod -->
  <testcase classname="com.qa.tests.ProductTests" name="@AfterMethod afterMethod" time="0.0">
    <skipped/>
  </testcase> <!-- @AfterMethod afterMethod -->
  <testcase classname="com.qa.tests.ProductTests" name="@BeforeMethod beforeMethod" time="0.0">
    <skipped/>
  </testcase> <!-- @BeforeMethod beforeMethod -->
  <testcase classname="com.qa.tests.ProductTests" name="@AfterMethod afterMethod" time="0.0">
    <skipped/>
  </testcase> <!-- @AfterMethod afterMethod -->
  <testcase classname="com.qa.tests.ProductTests" name="@AfterClass afterClass" time="0.0">
    <skipped/>
  </testcase> <!-- @AfterClass afterClass -->
  <testcase classname="com.qa.BaseTest" name="@AfterTest afterTest" time="0.0">
    <skipped/>
  </testcase> <!-- @AfterTest afterTest -->
  <testcase classname="com.qa.tests.LoginTests" name="invalidUsername" time="0.0">
    <skipped/>
  </testcase> <!-- invalidUsername -->
  <testcase classname="com.qa.tests.ProductTests" name="validateProductonProductsPage" time="0.0">
    <skipped/>
  </testcase> <!-- validateProductonProductsPage -->
  <testcase classname="com.qa.tests.ProductTests" name="validateProductonProductDetailsPage" time="0.0">
    <skipped/>
  </testcase> <!-- validateProductonProductDetailsPage -->
  <testcase classname="com.qa.tests.LoginTests" name="invalidPassword" time="0.0">
    <ignored/>
  </testcase> <!-- invalidPassword -->
  <testcase classname="com.qa.tests.LoginTests" name="successfulLogin" time="0.0">
    <ignored/>
  </testcase> <!-- successfulLogin -->
  <testcase classname="com.qa.BaseTest" name="@AfterTest afterTest" time="0.0">
    <ignored/>
  </testcase> <!-- @AfterTest afterTest -->
  <testcase classname="com.qa.BaseTest" name="@BeforeTest beforeTest" time="0.0">
    <ignored/>
  </testcase> <!-- @BeforeTest beforeTest -->
</testsuite> <!-- Test -->
